<?xml version="1.0" encoding="UTF-8"?>
<testng-results skipped="0" failed="0" total="2" passed="2">
  <reporter-output>
  </reporter-output>
  <suite name="Default suite" duration-ms="19271" started-at="2019-05-24T08:45:59Z" finished-at="2019-05-24T08:46:19Z">
    <groups>
    </groups>
    <test name="Default test" duration-ms="19271" started-at="2019-05-24T08:45:59Z" finished-at="2019-05-24T08:46:19Z">
      <class name="TestPages_Package.Search_Page_test">
        <test-method status="PASS" signature="init()[pri:0, instance:TestPages_Package.Search_Page_test@51565ec2]" name="init" is-config="true" duration-ms="18123" started-at="2019-05-24T14:15:59Z" finished-at="2019-05-24T14:16:18Z">
          <reporter-output>
          </reporter-output>
        </test-method> <!-- init -->
        <test-method status="PASS" signature="verify_ListPrices()[pri:0, instance:TestPages_Package.Search_Page_test@51565ec2]" name="verify_ListPrices" duration-ms="1097" started-at="2019-05-24T14:16:18Z" finished-at="2019-05-24T14:16:19Z">
          <reporter-output>
          </reporter-output>
        </test-method> <!-- verify_ListPrices -->
        <test-method status="PASS" signature="verify_selectItem()[pri:0, instance:TestPages_Package.Search_Page_test@51565ec2]" name="verify_selectItem" duration-ms="30" started-at="2019-05-24T14:16:19Z" finished-at="2019-05-24T14:16:19Z">
          <reporter-output>
          </reporter-output>
        </test-method> <!-- verify_selectItem -->
      </class> <!-- TestPages_Package.Search_Page_test -->
    </test> <!-- Default test -->
  </suite> <!-- Default suite -->
</testng-results>
